  Compiling CUDA source file kernel.cu...
  
  E:\andrea\UNI\MAGISTRALE\ANNO2\GPU_COMPUTING\Project\ParticleFilterCUDA\ParticleFilterCUDA>"E:\programmi\CUDA_Toolkit\NVIDIA GPU COMPUTING Toolkit\CUDA\v12.1\bin\nvcc.exe" -gencode=arch=compute_52,code=\"sm_52,compute_52\" --use-local-env -ccbin "E:\programmi\VisualStudio\Editor\VC\Tools\MSVC\14.36.32532\bin\HostX64\x64" -x cu   -I"E:\programmi\CUDA_Toolkit\NVIDIA GPU COMPUTING Toolkit\CUDA\v12.1\include" -I"E:\programmi\CUDA_Toolkit\NVIDIA GPU COMPUTING Toolkit\CUDA\v12.1\include"  -G   --keep-dir Particle.0535F098\x64\Debug  -maxrregcount=0   --machine 64 --compile -cudart static -arch=sm_70 -g  -DWIN32 -DWIN64 -D_DEBUG -D_CONSOLE -D_MBCS -Xcompiler "/EHsc /W3 /nologo /Od /FS /Zi /RTC1 /MDd " -Xcompiler "/FdParticle.0535F098\x64\Debug\vc143.pdb" -o E:\andrea\UNI\MAGISTRALE\ANNO2\GPU_COMPUTING\Project\ParticleFilterCUDA\ParticleFilterCUDA\Particle.0535F098\x64\Debug\kernel.cu.obj "E:\andrea\UNI\MAGISTRALE\ANNO2\GPU_COMPUTING\Project\ParticleFilterCUDA\ParticleFilterCUDA\kernel.cu" 
E:\andrea\UNI\MAGISTRALE\ANNO2\GPU_COMPUTING\Project\ParticleFilterCUDA\ParticleFilterCUDA\Particle.h(11): warning #375-D: declaration requires a typedef name
    };
     ^
  
  Remark: The warnings can be suppressed with "-diag-suppress <warning-number>"
  
E:\andrea\UNI\MAGISTRALE\ANNO2\GPU_COMPUTING\Project\ParticleFilterCUDA\ParticleFilterCUDA\Particle.h(16): warning #375-D: declaration requires a typedef name
    };
     ^
  
  device_functions.h is an internal header file and must not be used directly.  This file will be removed in a future CUDA release.  Please use cuda_runtime_api.h or cuda_runtime.h instead.
E:\andrea\UNI\MAGISTRALE\ANNO2\GPU_COMPUTING\Project\ParticleFilterCUDA\ParticleFilterCUDA\Particle.h(11): warning #375-D: declaration requires a typedef name
    };
     ^
  
  Remark: The warnings can be suppressed with "-diag-suppress <warning-number>"
  
E:\andrea\UNI\MAGISTRALE\ANNO2\GPU_COMPUTING\Project\ParticleFilterCUDA\ParticleFilterCUDA\Particle.h(16): warning #375-D: declaration requires a typedef name
    };
     ^
  
  device_functions.h is an internal header file and must not be used directly.  This file will be removed in a future CUDA release.  Please use cuda_runtime_api.h or cuda_runtime.h instead.
E:\andrea\UNI\MAGISTRALE\ANNO2\GPU_COMPUTING\Project\ParticleFilterCUDA\ParticleFilterCUDA\Particle.h(11): warning #375-D: declaration requires a typedef name
    };
     ^
  
  Remark: The warnings can be suppressed with "-diag-suppress <warning-number>"
  
E:\andrea\UNI\MAGISTRALE\ANNO2\GPU_COMPUTING\Project\ParticleFilterCUDA\ParticleFilterCUDA\Particle.h(16): warning #375-D: declaration requires a typedef name
    };
     ^
  
  kernel.cu
  tmpxft_00002580_00000000-7_kernel.compute_52.cudafe1.cpp
  device_functions.h is an internal header file and must not be used directly.  This file will be removed in a future CUDA release.  Please use cuda_runtime_api.h or cuda_runtime.h instead.
  Particle.cpp
E:\andrea\UNI\MAGISTRALE\ANNO2\GPU_COMPUTING\Project\ParticleFilterCUDA\ParticleFilterCUDA\Particle.h(11,2): warning C4091: 'typedef ': ignored on left of 'Particles' when no variable is declared
E:\andrea\UNI\MAGISTRALE\ANNO2\GPU_COMPUTING\Project\ParticleFilterCUDA\ParticleFilterCUDA\Particle.h(16,2): warning C4091: 'typedef ': ignored on left of 'Float2' when no variable is declared
E:\andrea\UNI\MAGISTRALE\ANNO2\GPU_COMPUTING\Project\ParticleFilterCUDA\ParticleFilterCUDA\Particle.cpp(16,15): warning C4244: '=': conversion from 'float' to 'unsigned int', possible loss of data
E:\andrea\UNI\MAGISTRALE\ANNO2\GPU_COMPUTING\Project\ParticleFilterCUDA\ParticleFilterCUDA\Particle.cpp(17,31): warning C4244: 'argument': conversion from 'float' to 'size_t', possible loss of data
E:\andrea\UNI\MAGISTRALE\ANNO2\GPU_COMPUTING\Project\ParticleFilterCUDA\ParticleFilterCUDA\Particle.cpp(18,31): warning C4244: 'argument': conversion from 'float' to 'size_t', possible loss of data
E:\andrea\UNI\MAGISTRALE\ANNO2\GPU_COMPUTING\Project\ParticleFilterCUDA\ParticleFilterCUDA\Particle.cpp(19,37): warning C4244: 'argument': conversion from 'float' to 'size_t', possible loss of data
E:\andrea\UNI\MAGISTRALE\ANNO2\GPU_COMPUTING\Project\ParticleFilterCUDA\ParticleFilterCUDA\Particle.cpp(20,37): warning C4244: 'argument': conversion from 'float' to 'size_t', possible loss of data
E:\andrea\UNI\MAGISTRALE\ANNO2\GPU_COMPUTING\Project\ParticleFilterCUDA\ParticleFilterCUDA\Particle.cpp(24,15): warning C4244: '=': conversion from 'float' to 'unsigned int', possible loss of data
E:\andrea\UNI\MAGISTRALE\ANNO2\GPU_COMPUTING\Project\ParticleFilterCUDA\ParticleFilterCUDA\Particle.cpp(25,31): warning C4244: 'argument': conversion from 'float' to 'size_t', possible loss of data
E:\andrea\UNI\MAGISTRALE\ANNO2\GPU_COMPUTING\Project\ParticleFilterCUDA\ParticleFilterCUDA\Particle.cpp(26,31): warning C4244: 'argument': conversion from 'float' to 'size_t', possible loss of data
E:\andrea\UNI\MAGISTRALE\ANNO2\GPU_COMPUTING\Project\ParticleFilterCUDA\ParticleFilterCUDA\Particle.cpp(27,37): warning C4244: 'argument': conversion from 'float' to 'size_t', possible loss of data
E:\andrea\UNI\MAGISTRALE\ANNO2\GPU_COMPUTING\Project\ParticleFilterCUDA\ParticleFilterCUDA\Particle.cpp(28,37): warning C4244: 'argument': conversion from 'float' to 'size_t', possible loss of data
     Creating library E:\andrea\UNI\MAGISTRALE\ANNO2\GPU_COMPUTING\Project\ParticleFilterCUDA\ParticleFilterCUDA\x64\Debug\ParticleFilterCUDA.lib and object E:\andrea\UNI\MAGISTRALE\ANNO2\GPU_COMPUTING\Project\ParticleFilterCUDA\ParticleFilterCUDA\x64\Debug\ParticleFilterCUDA.exp
LINK : warning LNK4098: defaultlib 'LIBCMT' conflicts with use of other libs; use /NODEFAULTLIB:library
  ParticleFilterCUDA.vcxproj -> E:\andrea\UNI\MAGISTRALE\ANNO2\GPU_COMPUTING\Project\ParticleFilterCUDA\ParticleFilterCUDA\x64\Debug\ParticleFilterCUDA.exe
